============================================================
平台健康巡检报告
============================================================
时间: 2026-04-30T21:35:59.941603

📊 总体统计
----------------------------------------
总调用数: 100
Uncertain 记录: 18
未确认 Uncertain: 9

📈 24 小时统计
----------------------------------------
失败率: 0.00%
超时率: 0.00%

🔐 NOTIFICATION 授权状态
----------------------------------------
状态: not_configured
说明: authCode 未配置或无效

📋 状态分布
----------------------------------------
  auth_required: 5 (5.0%)
  completed: 60 (60.0%)
  failed: 12 (12.0%)
  queued_for_delivery: 5 (5.0%)
  result_uncertain: 10 (10.0%)
  timeout: 8 (8.0%)

🏥 健康评估
----------------------------------------
⚠️ NOTIFICATION 未正确授权

============================================================

============================================================
平台健康巡检报告
============================================================
时间: 2026-05-01T19:45:13.892862

📊 总体统计
----------------------------------------
总调用数: 100
Uncertain 记录: 18
未确认 Uncertain: 9

📈 24 小时统计
----------------------------------------
失败率: 0.00%
超时率: 0.00%

🔐 NOTIFICATION 授权状态
----------------------------------------
状态: not_configured
说明: authCode 未配置或无效

📋 状态分布
----------------------------------------
  auth_required: 5 (5.0%)
  completed: 60 (60.0%)
  failed: 12 (12.0%)
  queued_for_delivery: 5 (5.0%)
  result_uncertain: 10 (10.0%)
  timeout: 8 (8.0%)

🏥 健康评估
----------------------------------------
⚠️ NOTIFICATION 未正确授权

============================================================

